0 info it worked if it ends with ok
1 verbose cli [ '/usr/local/bin/node', '/usr/local/bin/npm', 'adduser' ]
2 info using npm@3.5.2
3 info using node@v4.2.3
4 verbose adduser before first PUT { _id: 'org.couchdb.user:nanyang',
4 verbose adduser   name: 'nanyang',
4 verbose adduser   password: 'XXXXX',
4 verbose adduser   email: '417611525@qq.com',
4 verbose adduser   type: 'user',
4 verbose adduser   roles: [],
4 verbose adduser   date: '2016-02-23T11:15:59.109Z' }
5 verbose request uri http://registry.npm.taobao.org/-/user/org.couchdb.user:nanyang
6 verbose request new user, so can't send auth
7 info attempt registry request try #1 at 19:15:59
8 verbose request id b1725e97e2a30a34
9 http request PUT http://registry.npm.taobao.org/-/user/org.couchdb.user:nanyang
10 http 409 http://registry.npm.taobao.org/-/user/org.couchdb.user:nanyang
11 verbose headers { date: 'Tue, 23 Feb 2016 11:15:59 GMT',
11 verbose headers   'content-type': 'application/json; charset=utf-8',
11 verbose headers   'content-length': '60',
11 verbose headers   connection: 'keep-alive',
11 verbose headers   'x-readtime': '66' }
12 verbose request invalidating /Users/lvdada/.npm/registry.npm.taobao.org/-/user/org.couchdb.user_3Ananyang on PUT
13 verbose adduser update existing user
14 verbose request uri http://registry.npm.taobao.org/-/user/org.couchdb.user:nanyang?write=true
15 verbose request no auth needed
16 info attempt registry request try #1 at 19:15:59
17 http request GET http://registry.npm.taobao.org/-/user/org.couchdb.user:nanyang?write=true
18 http 200 http://registry.npm.taobao.org/-/user/org.couchdb.user:nanyang?write=true
19 verbose headers { date: 'Tue, 23 Feb 2016 11:15:59 GMT',
19 verbose headers   'content-type': 'application/json; charset=utf-8',
19 verbose headers   'content-length': '222',
19 verbose headers   connection: 'keep-alive',
19 verbose headers   etag: '"de-JkqDPcaAQN5SO38PQ/NSJQ"',
19 verbose headers   'x-readtime': '3' }
20 verbose adduser userobj { _id: 'org.couchdb.user:nanyang',
20 verbose adduser   name: 'nanyang',
20 verbose adduser   password: 'XXXXX',
20 verbose adduser   email: '417611525@qq.com',
20 verbose adduser   type: 'user',
20 verbose adduser   roles: [],
20 verbose adduser   date: '2016-02-23T11:15:59.109Z' }
21 verbose request uri http://registry.npm.taobao.org/-/user/org.couchdb.user:nanyang/-rev/undefined
22 verbose request updating existing user; sending authorization
23 info attempt registry request try #1 at 19:15:59
24 http request PUT http://registry.npm.taobao.org/-/user/org.couchdb.user:nanyang/-rev/undefined
25 http 401 http://registry.npm.taobao.org/-/user/org.couchdb.user:nanyang/-rev/undefined
26 verbose headers { date: 'Tue, 23 Feb 2016 11:15:59 GMT',
26 verbose headers   'content-type': 'application/json; charset=utf-8',
26 verbose headers   'content-length': '47',
26 verbose headers   connection: 'keep-alive',
26 verbose headers   'x-readtime': '8' }
27 verbose request invalidating /Users/lvdada/.npm/registry.npm.taobao.org/-/user/org.couchdb.user_3Ananyang on PUT
28 verbose adduser back [ { [Error: unauthorized Login first: -/user/org.couchdb.user:nanyang/-rev/undefined] statusCode: 401, code: 'E401' },
28 verbose adduser   { error: 'unauthorized', reason: 'Login first' },
28 verbose adduser   '{"error":"unauthorized","reason":"Login first"}' ]
29 warn adduser Incorrect username or password
29 warn adduser You can reset your account by visiting:
29 warn adduser
29 warn adduser     https://npmjs.org/forgot
30 verbose stack Error: unauthorized Login first: -/user/org.couchdb.user:nanyang/-rev/undefined
30 verbose stack     at makeError (/usr/local/lib/node_modules/npm/node_modules/npm-registry-client/lib/request.js:264:12)
30 verbose stack     at CachingRegistryClient.<anonymous> (/usr/local/lib/node_modules/npm/node_modules/npm-registry-client/lib/request.js:252:14)
30 verbose stack     at Request._callback (/usr/local/lib/node_modules/npm/node_modules/npm-registry-client/lib/request.js:172:14)
30 verbose stack     at Request.self.callback (/usr/local/lib/node_modules/npm/node_modules/request/request.js:198:22)
30 verbose stack     at emitTwo (events.js:87:13)
30 verbose stack     at Request.emit (events.js:172:7)
30 verbose stack     at Request.<anonymous> (/usr/local/lib/node_modules/npm/node_modules/request/request.js:1082:10)
30 verbose stack     at emitOne (events.js:82:20)
30 verbose stack     at Request.emit (events.js:169:7)
30 verbose stack     at IncomingMessage.<anonymous> (/usr/local/lib/node_modules/npm/node_modules/request/request.js:1009:12)
31 verbose statusCode 401
32 verbose cwd /Users/lvdada/Desktop/WorkGit/spon
33 error Darwin 14.4.0
34 error argv "/usr/local/bin/node" "/usr/local/bin/npm" "adduser"
35 error node v4.2.3
36 error npm  v3.5.2
37 error code E401
38 error unauthorized Login first: -/user/org.couchdb.user:nanyang/-rev/undefined
39 error If you need help, you may report this error at:
39 error     <https://github.com/npm/npm/issues>
40 verbose exit [ 1, true ]
